-------------------------------------------------------------------------------
Test set: com.qaworks.test.TestRunner
-------------------------------------------------------------------------------
Tests run: 6, Failures: 0, Errors: 4, Skipped: 0, Time elapsed: 244.901 sec <<< FAILURE!
Then I should be able to contact QAWorks with the following information(Scenario: Valid Submission)  Time elapsed: 0.003 sec  <<< ERROR!
java.lang.Exception: Element not found on page title: http://staging.qaworks.com:1403/ is not available and page url: data:text/html,chromewebdata
	at com.qaworks.test.framework.helpers.WaitHelper.waitForElement(WaitHelper.java:60)
	at com.qaworks.test.framework.pages.BasePage.getElement(BasePage.java:44)
	at com.qaworks.test.framework.pages.BasePage.clickElement(BasePage.java:55)
	at com.qaworks.test.ContactUsSteps.submitEmailMessage(ContactUsSteps.java:30)
	at ✽.Then I should be able to contact QAWorks with the following information(ContactUs.feature:9)

Scenario: Valid Submission  Time elapsed: 0.004 sec  <<< ERROR!
java.lang.Exception: Element not found on page title: http://staging.qaworks.com:1403/ is not available and page url: data:text/html,chromewebdata
	at com.qaworks.test.framework.helpers.WaitHelper.waitForElement(WaitHelper.java:60)
	at com.qaworks.test.framework.pages.BasePage.getElement(BasePage.java:44)
	at com.qaworks.test.framework.pages.BasePage.clickElement(BasePage.java:55)
	at com.qaworks.test.ContactUsSteps.submitEmailMessage(ContactUsSteps.java:30)
	at ✽.Then I should be able to contact QAWorks with the following information(ContactUs.feature:9)

Then I should be able to view the contact telephone number Tel: +44 (0) 1923 800 885(Scenario: Contact telephone number displayed)  Time elapsed: 0.005 sec  <<< ERROR!
org.openqa.selenium.NoSuchWindowException: no such window: target window already closed
from unknown error: web view not found
  (Session info: chrome=51.0.2704.84)
  (Driver info: chromedriver=2.20.353124 (035346203162d32c80f1dce587c8154a1efa0c3b),platform=Mac OS X 10.11.4 x86_64) (WARNING: The server did not provide any stacktrace information)
Command duration or timeout: 3 milliseconds
Build info: version: '2.53.0', revision: '35ae25b1534ae328c771e0856c93e187490ca824', time: '2016-03-15 10:43:46'
System info: host: 'MacBook-Pro', ip: '192.168.0.15', os.name: 'Mac OS X', os.arch: 'x86_64', os.version: '10.11.4', java.version: '1.8.0_65'
Driver info: org.openqa.selenium.chrome.ChromeDriver
Capabilities [{applicationCacheEnabled=false, rotatable=false, mobileEmulationEnabled=false, chrome={userDataDir=/var/folders/fs/kvnq0v1n5dzc5yj124pk9d6h0000gp/T/.org.chromium.Chromium.E5auL1}, takesHeapSnapshot=true, databaseEnabled=false, handlesAlerts=true, hasTouchScreen=false, version=51.0.2704.84, platform=MAC, browserConnectionEnabled=false, nativeEvents=true, acceptSslCerts=true, locationContextEnabled=true, webStorageEnabled=true, browserName=chrome, takesScreenshot=true, javascriptEnabled=true, cssSelectorsEnabled=true}]
Session ID: 3ad35990c5834759cf1e569993b1b7a2
	at sun.reflect.NativeConstructorAccessorImpl.newInstance0(Native Method)
	at sun.reflect.NativeConstructorAccessorImpl.newInstance(NativeConstructorAccessorImpl.java:62)
	at sun.reflect.DelegatingConstructorAccessorImpl.newInstance(DelegatingConstructorAccessorImpl.java:45)
	at java.lang.reflect.Constructor.newInstance(Constructor.java:422)
	at org.openqa.selenium.remote.ErrorHandler.createThrowable(ErrorHandler.java:206)
	at org.openqa.selenium.remote.ErrorHandler.throwIfResponseFailed(ErrorHandler.java:158)
	at org.openqa.selenium.remote.RemoteWebDriver.execute(RemoteWebDriver.java:678)
	at org.openqa.selenium.remote.RemoteWebDriver.execute(RemoteWebDriver.java:701)
	at org.openqa.selenium.remote.RemoteWebDriver.getTitle(RemoteWebDriver.java:320)
	at com.qaworks.test.framework.helpers.WaitHelper.waitForElement(WaitHelper.java:56)
	at com.qaworks.test.framework.pages.BasePage.getElement(BasePage.java:44)
	at com.qaworks.test.framework.pages.BasePage.clickElement(BasePage.java:55)
	at com.qaworks.test.ContactUsSteps.verifyContactTelephoneNumber(ContactUsSteps.java:47)
	at ✽.Then I should be able to view the contact telephone number Tel: +44 (0) 1923 800 885(ContactUs.feature:16)

Scenario: Contact telephone number displayed  Time elapsed: 0.005 sec  <<< ERROR!
org.openqa.selenium.NoSuchWindowException: no such window: target window already closed
from unknown error: web view not found
  (Session info: chrome=51.0.2704.84)
  (Driver info: chromedriver=2.20.353124 (035346203162d32c80f1dce587c8154a1efa0c3b),platform=Mac OS X 10.11.4 x86_64) (WARNING: The server did not provide any stacktrace information)
Command duration or timeout: 3 milliseconds
Build info: version: '2.53.0', revision: '35ae25b1534ae328c771e0856c93e187490ca824', time: '2016-03-15 10:43:46'
System info: host: 'MacBook-Pro', ip: '192.168.0.15', os.name: 'Mac OS X', os.arch: 'x86_64', os.version: '10.11.4', java.version: '1.8.0_65'
Driver info: org.openqa.selenium.chrome.ChromeDriver
Capabilities [{applicationCacheEnabled=false, rotatable=false, mobileEmulationEnabled=false, chrome={userDataDir=/var/folders/fs/kvnq0v1n5dzc5yj124pk9d6h0000gp/T/.org.chromium.Chromium.E5auL1}, takesHeapSnapshot=true, databaseEnabled=false, handlesAlerts=true, hasTouchScreen=false, version=51.0.2704.84, platform=MAC, browserConnectionEnabled=false, nativeEvents=true, acceptSslCerts=true, locationContextEnabled=true, webStorageEnabled=true, browserName=chrome, takesScreenshot=true, javascriptEnabled=true, cssSelectorsEnabled=true}]
Session ID: 3ad35990c5834759cf1e569993b1b7a2
	at sun.reflect.NativeConstructorAccessorImpl.newInstance0(Native Method)
	at sun.reflect.NativeConstructorAccessorImpl.newInstance(NativeConstructorAccessorImpl.java:62)
	at sun.reflect.DelegatingConstructorAccessorImpl.newInstance(DelegatingConstructorAccessorImpl.java:45)
	at java.lang.reflect.Constructor.newInstance(Constructor.java:422)
	at org.openqa.selenium.remote.ErrorHandler.createThrowable(ErrorHandler.java:206)
	at org.openqa.selenium.remote.ErrorHandler.throwIfResponseFailed(ErrorHandler.java:158)
	at org.openqa.selenium.remote.RemoteWebDriver.execute(RemoteWebDriver.java:678)
	at org.openqa.selenium.remote.RemoteWebDriver.execute(RemoteWebDriver.java:701)
	at org.openqa.selenium.remote.RemoteWebDriver.getTitle(RemoteWebDriver.java:320)
	at com.qaworks.test.framework.helpers.WaitHelper.waitForElement(WaitHelper.java:56)
	at com.qaworks.test.framework.pages.BasePage.getElement(BasePage.java:44)
	at com.qaworks.test.framework.pages.BasePage.clickElement(BasePage.java:55)
	at com.qaworks.test.ContactUsSteps.verifyContactTelephoneNumber(ContactUsSteps.java:47)
	at ✽.Then I should be able to view the contact telephone number Tel: +44 (0) 1923 800 885(ContactUs.feature:16)

